<?xml version="1.0" encoding="UTF-8" ?>
<testsuite failures="0" time="0.412" errors="0" skipped="0" tests="14" name="test.tinyuml.draw.AbstractNodeTest">
  <properties>
    <property name="java.runtime.name" value="Java(TM) SE Runtime Environment"/>
    <property name="sun.boot.library.path" value="C:\Program Files\Java\jdk1.7.0_25\jre\bin"/>
    <property name="java.vm.version" value="23.25-b01"/>
    <property name="java.vm.vendor" value="Oracle Corporation"/>
    <property name="java.vendor.url" value="http://java.oracle.com/"/>
    <property name="path.separator" value=";"/>
    <property name="guice.disable.misplaced.annotation.check" value="true"/>
    <property name="java.vm.name" value="Java HotSpot(TM) 64-Bit Server VM"/>
    <property name="file.encoding.pkg" value="sun.io"/>
    <property name="user.script" value=""/>
    <property name="user.country" value="ES"/>
    <property name="sun.java.launcher" value="SUN_STANDARD"/>
    <property name="sun.os.patch.level" value="Service Pack 1"/>
    <property name="java.vm.specification.name" value="Java Virtual Machine Specification"/>
    <property name="user.dir" value="C:\Users\Filomena\Documents\nico U\workspaceT2\tuml"/>
    <property name="java.runtime.version" value="1.7.0_25-b17"/>
    <property name="java.awt.graphicsenv" value="sun.awt.Win32GraphicsEnvironment"/>
    <property name="java.endorsed.dirs" value="C:\Program Files\Java\jdk1.7.0_25\jre\lib\endorsed"/>
    <property name="os.arch" value="amd64"/>
    <property name="java.io.tmpdir" value="C:\Users\Filomena\AppData\Local\Temp\"/>
    <property name="line.separator" value="
"/>
    <property name="java.vm.specification.vendor" value="Oracle Corporation"/>
    <property name="user.variant" value=""/>
    <property name="os.name" value="Windows 7"/>
    <property name="classworlds.conf" value="C:\Users\Filomena\Documents\nico U\workspaceT2\.metadata\.plugins\org.eclipse.m2e.launching\launches\m2conf4192088853680578474.tmp"/>
    <property name="sun.jnu.encoding" value="Cp1252"/>
    <property name="java.library.path" value="C:\Program Files\Java\jdk1.7.0_25\bin;C:\Windows\Sun\Java\bin;C:\Windows\system32;C:\Windows;C:\Windows\system32;C:\Windows;C:\Windows\System32\Wbem;C:\Windows\System32\WindowsPowerShell\v1.0\;C:\Program Files (x86)\Toshiba\Bluetooth Toshiba Stack\sys\;C:\Program Files (x86)\Toshiba\Bluetooth Toshiba Stack\sys\x64\;C:\Program Files\Broadcom\Broadcom 802.11 Network Adapter\Driver;."/>
    <property name="java.specification.name" value="Java Platform API Specification"/>
    <property name="java.class.version" value="51.0"/>
    <property name="sun.management.compiler" value="HotSpot 64-Bit Tiered Compilers"/>
    <property name="os.version" value="6.1"/>
    <property name="user.home" value="C:\Users\Filomena"/>
    <property name="user.timezone" value="America/Santiago"/>
    <property name="java.awt.printerjob" value="sun.awt.windows.WPrinterJob"/>
    <property name="java.specification.version" value="1.7"/>
    <property name="file.encoding" value="Cp1252"/>
    <property name="user.name" value="Filomena"/>
    <property name="java.class.path" value="/C:/Users/Filomena/Documents/nico U/eclipse/configuration/org.eclipse.osgi/bundles/231/1/.cp/jars/plexus-classworlds-2.4.jar"/>
    <property name="java.vm.specification.version" value="1.7"/>
    <property name="sun.arch.data.model" value="64"/>
    <property name="java.home" value="C:\Program Files\Java\jdk1.7.0_25\jre"/>
    <property name="sun.java.command" value="org.codehaus.plexus.classworlds.launcher.Launcher -B verify"/>
    <property name="java.specification.vendor" value="Oracle Corporation"/>
    <property name="user.language" value="es"/>
    <property name="awt.toolkit" value="sun.awt.windows.WToolkit"/>
    <property name="java.vm.info" value="mixed mode"/>
    <property name="java.version" value="1.7.0_25"/>
    <property name="java.ext.dirs" value="C:\Program Files\Java\jdk1.7.0_25\jre\lib\ext;C:\Windows\Sun\Java\lib\ext"/>
    <property name="sun.boot.class.path" value="C:\Program Files\Java\jdk1.7.0_25\jre\lib\resources.jar;C:\Program Files\Java\jdk1.7.0_25\jre\lib\rt.jar;C:\Program Files\Java\jdk1.7.0_25\jre\lib\sunrsasign.jar;C:\Program Files\Java\jdk1.7.0_25\jre\lib\jsse.jar;C:\Program Files\Java\jdk1.7.0_25\jre\lib\jce.jar;C:\Program Files\Java\jdk1.7.0_25\jre\lib\charsets.jar;C:\Program Files\Java\jdk1.7.0_25\jre\lib\jfr.jar;C:\Program Files\Java\jdk1.7.0_25\jre\classes"/>
    <property name="java.vendor" value="Oracle Corporation"/>
    <property name="maven.home" value="C:\Users\Filomena\Documents\nico U\workspaceT2\tuml\EMBEDDED"/>
    <property name="file.separator" value="\"/>
    <property name="java.vendor.url.bug" value="http://bugreport.sun.com/bugreport/"/>
    <property name="maven.bootclasspath" value="/C:/Users/Filomena/Documents/nico U/eclipse/configuration/org.eclipse.osgi/bundles/231/1/.cp/jars/plexus-classworlds-2.4.jar"/>
    <property name="sun.cpu.endian" value="little"/>
    <property name="sun.io.unicode.encoding" value="UnicodeLittle"/>
    <property name="sun.desktop" value="windows"/>
    <property name="sun.cpu.isalist" value="amd64"/>
  </properties>
  <testcase time="0.036" classname="test.tinyuml.draw.AbstractNodeTest" name="testIntersects"/>
  <testcase time="0.001" classname="test.tinyuml.draw.AbstractNodeTest" name="testGetAbsoluteCenter"/>
  <testcase time="0" classname="test.tinyuml.draw.AbstractNodeTest" name="testGetAbsoluteX1Y1"/>
  <testcase time="0.037" classname="test.tinyuml.draw.AbstractNodeTest" name="testIsVisible"/>
  <testcase time="0.02" classname="test.tinyuml.draw.AbstractNodeTest" name="testSelection"/>
  <testcase time="0.058" classname="test.tinyuml.draw.AbstractNodeTest" name="testSetSizeUpdatesSelection"/>
  <testcase time="0" classname="test.tinyuml.draw.AbstractNodeTest" name="testIntersectsWithLine2D"/>
  <testcase time="0.001" classname="test.tinyuml.draw.AbstractNodeTest" name="testCalculateIntersection"/>
  <testcase time="0.034" classname="test.tinyuml.draw.AbstractNodeTest" name="testConnections"/>
  <testcase time="0" classname="test.tinyuml.draw.AbstractNodeTest" name="testInitial"/>
  <testcase time="0.001" classname="test.tinyuml.draw.AbstractNodeTest" name="testClone"/>
  <testcase time="0" classname="test.tinyuml.draw.AbstractNodeTest" name="testSetters"/>
  <testcase time="0.001" classname="test.tinyuml.draw.AbstractNodeTest" name="testContains"/>
  <testcase time="0.004" classname="test.tinyuml.draw.AbstractNodeTest" name="testNodeChangeListenerNotification"/>
</testsuite>